2025-03-05 04:20:00.201260 (18438) main____ INFO    ----------------------------------------
2025-03-05 04:20:00.201294 (18438) main____ INFO    Jasper version info
2025-03-05 04:20:00.201297 (18438) main____ INFO      tool      : Jasper 2022.06
2025-03-05 04:20:00.201300 (18438) main____ INFO      version   : 2022.06p001 64 bits
2025-03-05 04:20:00.201302 (18438) main____ INFO      build date: 2022.07.26 12:21:29 UTC
2025-03-05 04:20:00.201303 (18438) main____ INFO    ----------------------------------------
2025-03-05 04:20:00.201304 (18438) main____ INFO    Runtime info:
2025-03-05 04:20:00.201306 (18438) main____ INFO      platform  : Linux 4.12.14-122.201-default x86_64
2025-03-05 04:20:00.201309 (18438) main____ INFO      hostname  : scce03251903
2025-03-05 04:20:00.201310 (18438) main____ INFO      pid       : 18438
2025-03-05 04:20:00.201312 (18438) main____ INFO      arguments : '-style' 'windows' '-license_remove_method' 'lmremove_c' '-sec' 'sec_run.tcl'
2025-03-05 04:20:00.201315 (18438) main____ INFO      locale    : UTF-8
2025-03-05 04:20:00.201316 (18438) main____ INFO    ----------------------------------------
2025-03-05 04:20:00.201318 (18438) main____ INFO    System resource limits info:
2025-03-05 04:20:00.201319 (18438) main____ INFO      virtual memory: unlimited
2025-03-05 04:20:00.201321 (18438) main____ INFO      cpu time      : unlimited
2025-03-05 04:20:00.201324 (18438) main____ INFO      processes     : 4096
2025-03-05 04:20:00.201327 (18438) main____ INFO      stack size    : 8388608 B
2025-03-05 04:20:00.201329 (18438) main____ INFO      core file size: 0 B
2025-03-05 04:20:00.201331 (18438) main____ INFO      open files    : 16384
2025-03-05 04:20:00.201332 (18438) main____ INFO      file size     : unlimited
2025-03-05 04:20:00.201334 (18438) main____ INFO    ----------------------------------------
2025-03-05 04:20:00.201335 (18438) main____ INFO    Memory statistics:
2025-03-05 04:20:00.201337 (18438) main____ INFO      total physical memory  : 131622708 kB
2025-03-05 04:20:00.201338 (18438) main____ INFO      free physical memory   : 87821104 kB
2025-03-05 04:20:00.201658 (18438) main____ INFO      committed address space: 9960424 kB
2025-03-05 04:20:00.201660 (18438) main____ INFO    ----------------------------------------
2025-03-05 04:20:00.202280 (18438) main____ INFO    Important environment variables:
2025-03-05 04:20:00.202287 (18438) main____ INFO      CDS_LIC_FILE          : '5280@cadence24p.elic.intel.com:5280@cadence25p.elic.intel.com:5280@cadence17b.elic.intel.com:5280@cadence64p.elic.intel.com:5280@cadence63p.elic.intel.com:5280@scylic21.sc.intel.com:5280@cadence01p.elic.intel.com'
2025-03-05 04:20:00.202290 (18438) main____ INFO      DISPLAY               : 'scce03251903.zsc11.intel.com:1'
2025-03-05 04:20:00.202293 (18438) main____ INFO      EDITOR                : '/bin/vi'
2025-03-05 04:20:00.202295 (18438) main____ INFO      JASPER_CMD_LINE_ARGS  : '-license_remove_method lmremove_c'
2025-03-05 04:20:00.202297 (18438) main____ INFO      JASPER_INSTALL_DIR    : '/nfs/site/disks/crt_linktree_1/rtl_cad/jasper/jaspergold/2022.06p001'
2025-03-05 04:20:00.202299 (18438) main____ INFO      JASPER_MACRO_LINEFILES: '1'
2025-03-05 04:20:00.202301 (18438) main____ INFO      JASPER_OS_CHECK       : '1'
2025-03-05 04:20:00.202303 (18438) main____ INFO      JAVA_BINDIR           : '/usr/lib64/jvm/jre-openjdk/bin'
2025-03-05 04:20:00.202305 (18438) main____ INFO      JAVA_HOME             : '/usr/lib64/jvm/jre-openjdk'
2025-03-05 04:20:00.202307 (18438) main____ INFO      JAVA_ROOT             : '/usr/lib64/jvm/jre-openjdk'
2025-03-05 04:20:00.202309 (18438) main____ INFO      JG_DIR                : '/p/hdk/rtl/cad/x86-64_linux30/jasper'
2025-03-05 04:20:00.202311 (18438) main____ INFO      JG_HOME               : '/nfs/site/disks/crt_linktree_1/rtl_cad/jasper/jaspergold/2022.06p001'
2025-03-05 04:20:00.202312 (18438) main____ INFO      JG_MACRO_LINEFILES    : '1'
2025-03-05 04:20:00.202314 (18438) main____ INFO      JG_PATH_REAL          : '/nfs/site/disks/crt_linktree_1/rtl_cad/jasper/jaspergold/2022.06p001'
2025-03-05 04:20:00.202319 (18438) main____ INFO      JG_VERSION            : '2022.06p001'
2025-03-05 04:20:00.202321 (18438) main____ INFO      LANG                  : 'en_US.UTF-8'
2025-03-05 04:20:00.202323 (18438) main____ INFO      LC_COLLATE            : 'C'
2025-03-05 04:20:00.202325 (18438) main____ INFO      LM_PROJECT            : 'PCH_CIP'
2025-03-05 04:20:00.202327 (18438) main____ INFO    ----------------------------------------
2025-03-05 04:20:00.202408 (18438) lic_core INFO    Initializing license system ...
2025-03-05 04:20:00.206944 (18438) lic_core INFO    ... license system initialized.
2025-03-05 04:20:00.212544 (18438) lic__man INFO    Claim 'main' for <ui>.
2025-03-05 04:20:00.212560 (18438) lic_core INFO    (1) checking out 'jasper_interactive' ...
2025-03-05 04:20:00.268565 (18438) lic_core INFO    ... (1) checkout succeeded
2025-03-05 04:20:00.268613 (18438) lic__man INFO    Claim 'sec' for <ui>.
2025-03-05 04:20:00.268624 (18438) lic_core INFO    (2) checking out 'jasper_sec' ...
2025-03-05 04:20:00.323194 (18438) lic_core INFO    ... (2) checkout succeeded
2025-03-05 04:20:00.323445 (18438) main____ INFO    Tool inactivity delay is 480000 ms.
2025-03-05 04:20:00.625008 (18438) lic__man INFO    Claim 'sec' for <ui>.
2025-03-05 04:20:00.787024 (18438) lic__man INFO    Unclaim 'sec' for <ui>.
2025-03-05 04:20:00.787047 (18438) lic__man INFO    Claim 'sec' for <ui>.
2025-03-05 04:20:00.793880 (18438) session_ INFO    Starting analysis session with session id 'session_0' (launcher: <local>) ...
2025-03-05 04:20:00.795162 (18438) session_ INFO    Analysis session with session id 'session_0' started (pid: 18458)
2025-03-05 04:20:01.291445 (18438) session_ INFO    Analysis session 'session_0' connected to the console (host: 127.0.0.1:36870)
2025-03-05 04:20:01.564527 (18438) main____ INFO    Releasing console memory by request of analysis session 'session_0'.
2025-03-05 04:20:01.564979 (18438) lic__man INFO    Unclaim everything for 'session_0'.
2025-03-05 04:20:01.603029 (18438) lic__man INFO    Claim 'sec' for 'session_0'.
2025-03-05 04:20:01.869089 (18438) lic__man INFO    Unclaim everything for 'session_0'.
2025-03-05 04:20:02.227933 (18438) lic__man INFO    Claim 'sec' for 'session_0'.
2025-03-05 04:20:02.364070 (18438) lic__man INFO    Claim 'sec' for 'session_0'.
2025-03-05 04:20:02.364098 (18438) lic__man INFO    Claim 'sec' for 'session_0/prove-1'.
2025-03-05 04:20:02.424485 (18438) lic__man INFO    Unclaim everything for 'session_0/prove-4'.
2025-03-05 04:20:02.552153 (18438) lic__man INFO    Unclaim everything for 'session_0/prove-2'.
2025-03-05 04:20:03.411311 (18438) lic__man INFO    Unclaim everything for 'session_0/prove-5'.
2025-03-05 04:20:03.513748 (18438) lic__man INFO    Unclaim everything for 'session_0/prove-6'.
2025-03-05 04:20:13.482787 (18438) lic__man INFO    Unclaim everything for 'session_0/prove-3'.
2025-03-05 04:20:14.290943 (18438) lic__man INFO    Unclaim everything for 'session_0/prove-1'.
2025-03-05 04:20:15.291359 (18438) lic__man INFO    Unclaim everything for 'session_0/prove-0'.
